#
# There is insufficient memory for the Java Runtime Environment to continue.
# Native memory allocation (mmap) failed to map 65536 bytes. Error detail: Failed to commit metaspace.
# Possible reasons:
#   The system is out of physical RAM or swap space
#   This process is running with CompressedOops enabled, and the Java Heap may be blocking the growth of the native heap
# Possible solutions:
#   Reduce memory load on the system
#   Increase physical memory or swap space
#   Check if swap backing store is full
#   Decrease Java heap size (-Xmx/-Xms)
#   Decrease number of Java threads
#   Decrease Java thread stack sizes (-Xss)
#   Set larger code cache with -XX:ReservedCodeCacheSize=
#   JVM is running with Unscaled Compressed Oops mode in which the Java heap is
#     placed in the first 4GB address space. The Java Heap base address is the
#     maximum limit for the native heap growth. Please use -XX:HeapBaseMinAddress
#     to set the Java Heap base and to place the Java Heap above 4GB virtual address.
# This output file may be truncated or incomplete.
#
#  Out of Memory Error (virtualSpaceNode.cpp:110), pid=9960, tid=25708
#
# JRE version: OpenJDK Runtime Environment Temurin-17.0.11+9 (17.0.11+9) (build 17.0.11+9)
# Java VM: OpenJDK 64-Bit Server VM Temurin-17.0.11+9 (17.0.11+9, mixed mode, tiered, compressed oops, compressed class ptrs, parallel gc, windows-amd64)
# No core dump will be written. Minidumps are not enabled by default on client versions of Windows
#

---------------  S U M M A R Y ------------

Command Line: --add-modules=ALL-SYSTEM --add-opens=java.base/java.util=ALL-UNNAMED --add-opens=java.base/java.lang=ALL-UNNAMED --add-opens=java.base/sun.nio.fs=ALL-UNNAMED -Declipse.application=org.eclipse.jdt.ls.core.id1 -Dosgi.bundles.defaultStartLevel=4 -Declipse.product=org.eclipse.jdt.ls.core.product -Djava.import.generatesMetadataFilesAtProjectRoot=false -DDetectVMInstallationsJob.disabled=true -Dfile.encoding=utf8 -XX:+UseParallelGC -XX:GCTimeRatio=4 -XX:AdaptiveSizePolicyWeight=90 -Dsun.zip.disableMemoryMapping=true -Xmx1G -Xms100m -Xlog:disable -javaagent:c:\Users\Dell\.vscode\extensions\redhat.java-1.32.0-win32-x64\lombok\lombok-1.18.33.jar c:\Users\Dell\.vscode\extensions\redhat.java-1.32.0-win32-x64\server\plugins\org.eclipse.equinox.launcher_1.6.900.v20240613-2009.jar -configuration c:\Users\Dell\AppData\Roaming\Code\User\globalStorage\redhat.java\1.32.0\config_ss_win -data c:\Users\Dell\AppData\Roaming\Code\User\workspaceStorage\8343ffd222c73d0e249f34f8df6dd885\redhat.java\ss_ws --pipe=\\.\pipe\lsp-00d2163c37a63aa94df39c447950eee3-sock

Host: Intel(R) Core(TM) i5-8300H CPU @ 2.30GHz, 8 cores, 7G,  Windows 10 , 64 bit Build 19041 (10.0.19041.4597)
Time: Fri Jul 26 22:21:14 2024 India Standard Time elapsed time: 12.584223 seconds (0d 0h 0m 12s)

---------------  T H R E A D  ---------------

Current thread (0x000002d6a0f3a660):  JavaThread "C1 CompilerThread0" daemon [_thread_in_vm, id=25708, stack(0x000000ebeb800000,0x000000ebeb900000)]


Current CompileTask:
C1:  12584 1638       3       jdk.internal.org.objectweb.asm.MethodWriter::visitLabel (328 bytes)

Stack: [0x000000ebeb800000,0x000000ebeb900000]
Native frames: (J=compiled Java code, j=interpreted, Vv=VM code, C=native code)
V  [jvm.dll+0x67d429]
V  [jvm.dll+0x834b7a]
V  [jvm.dll+0x83663e]
V  [jvm.dll+0x836ca3]
V  [jvm.dll+0x247dbf]
V  [jvm.dll+0x83083b]
V  [jvm.dll+0x621d56]
V  [jvm.dll+0x621dba]
V  [jvm.dll+0x6245ea]
V  [jvm.dll+0x6226f6]
V  [jvm.dll+0x633a4a]
V  [jvm.dll+0x62c7ea]
V  [jvm.dll+0x1cdd30]
V  [jvm.dll+0x1cdf20]
V  [jvm.dll+0x1485a1]
V  [jvm.dll+0x1483e5]
V  [jvm.dll+0x13fc18]
V  [jvm.dll+0x1421d5]
V  [jvm.dll+0x1404b4]
V  [jvm.dll+0x13a3ff]
V  [jvm.dll+0x14a046]
V  [jvm.dll+0x135b80]
V  [jvm.dll+0x135ee0]
V  [jvm.dll+0x1361a6]
V  [jvm.dll+0x13563a]
V  [jvm.dll+0x1372f1]
V  [jvm.dll+0x2295cd]
V  [jvm.dll+0x22779c]
V  [jvm.dll+0x7e9d07]
V  [jvm.dll+0x7e410a]
V  [jvm.dll+0x67c315]
C  [ucrtbase.dll+0x21bb2]
C  [KERNEL32.DLL+0x17374]
C  [ntdll.dll+0x4cc91]


---------------  P R O C E S S  ---------------

Threads class SMR info:
_java_thread_list=0x000002d6a2627b80, length=16, elements={
0x000002d687db7260, 0x000002d687e65880, 0x000002d69bc4ddb0, 0x000002d687e68120,
0x000002d687e68eb0, 0x000002d687e6c330, 0x000002d687e6e3b0, 0x000002d6a0f38d60,
0x000002d6a0f3a660, 0x000002d6a0f99600, 0x000002d687e18520, 0x000002d6a12a7990,
0x000002d6a25f8ab0, 0x000002d6a266aec0, 0x000002d6a2048600, 0x000002d6a28c4c50
}

Java Threads: ( => current thread )
  0x000002d687db7260 JavaThread "main" [_thread_blocked, id=22368, stack(0x000000ebeae00000,0x000000ebeaf00000)]
  0x000002d687e65880 JavaThread "Reference Handler" daemon [_thread_blocked, id=29504, stack(0x000000ebeb100000,0x000000ebeb200000)]
  0x000002d69bc4ddb0 JavaThread "Finalizer" daemon [_thread_blocked, id=29444, stack(0x000000ebeb200000,0x000000ebeb300000)]
  0x000002d687e68120 JavaThread "Signal Dispatcher" daemon [_thread_blocked, id=30784, stack(0x000000ebeb300000,0x000000ebeb400000)]
  0x000002d687e68eb0 JavaThread "Attach Listener" daemon [_thread_blocked, id=26620, stack(0x000000ebeb400000,0x000000ebeb500000)]
  0x000002d687e6c330 JavaThread "Service Thread" daemon [_thread_blocked, id=5800, stack(0x000000ebeb500000,0x000000ebeb600000)]
  0x000002d687e6e3b0 JavaThread "Monitor Deflation Thread" daemon [_thread_blocked, id=13144, stack(0x000000ebeb600000,0x000000ebeb700000)]
  0x000002d6a0f38d60 JavaThread "C2 CompilerThread0" daemon [_thread_blocked, id=28480, stack(0x000000ebeb700000,0x000000ebeb800000)]
=>0x000002d6a0f3a660 JavaThread "C1 CompilerThread0" daemon [_thread_in_vm, id=25708, stack(0x000000ebeb800000,0x000000ebeb900000)]
  0x000002d6a0f99600 JavaThread "Sweeper thread" daemon [_thread_blocked, id=30320, stack(0x000000ebeb900000,0x000000ebeba00000)]
  0x000002d687e18520 JavaThread "Common-Cleaner" daemon [_thread_blocked, id=22236, stack(0x000000ebeba00000,0x000000ebebb00000)]
  0x000002d6a12a7990 JavaThread "Notification Thread" daemon [_thread_blocked, id=18036, stack(0x000000ebebb00000,0x000000ebebc00000)]
  0x000002d6a25f8ab0 JavaThread "Active Thread: Equinox Container: 4c4c0f46-8368-4b7a-8c95-8e5f3e263cab" [_thread_blocked, id=13372, stack(0x000000ebec300000,0x000000ebec400000)]
  0x000002d6a266aec0 JavaThread "Framework Event Dispatcher: Equinox Container: 4c4c0f46-8368-4b7a-8c95-8e5f3e263cab" daemon [_thread_blocked, id=25344, stack(0x000000ebec400000,0x000000ebec500000)]
  0x000002d6a2048600 JavaThread "Start Level: Equinox Container: 4c4c0f46-8368-4b7a-8c95-8e5f3e263cab" daemon [_thread_in_vm, id=30344, stack(0x000000ebec500000,0x000000ebec600000)]
  0x000002d6a28c4c50 JavaThread "SCR Component Actor" daemon [_thread_blocked, id=15936, stack(0x000000ebec600000,0x000000ebec700000)]

Other Threads:
  0x000002d6a0f01020 VMThread "VM Thread" [stack: 0x000000ebeb000000,0x000000ebeb100000] [id=26364]
  0x000002d6a129a610 WatcherThread [stack: 0x000000ebebc00000,0x000000ebebd00000] [id=25408]
  0x000002d687dcade0 GCTaskThread "GC Thread#0" [stack: 0x000000ebeaf00000,0x000000ebeb000000] [id=29304]
  0x000002d6a22a8d00 GCTaskThread "GC Thread#1" [stack: 0x000000ebebd00000,0x000000ebebe00000] [id=17364]
  0x000002d6a2130010 GCTaskThread "GC Thread#2" [stack: 0x000000ebebe00000,0x000000ebebf00000] [id=9164]
  0x000002d6a21302d0 GCTaskThread "GC Thread#3" [stack: 0x000000ebebf00000,0x000000ebec000000] [id=3076]
  0x000002d6a2130590 GCTaskThread "GC Thread#4" [stack: 0x000000ebec000000,0x000000ebec100000] [id=2232]
  0x000002d6a2130850 GCTaskThread "GC Thread#5" [stack: 0x000000ebec100000,0x000000ebec200000] [id=5532]
  0x000002d6a230f010 GCTaskThread "GC Thread#6" [stack: 0x000000ebec200000,0x000000ebec300000] [id=5076]
  0x000002d6a28c6360 GCTaskThread "GC Thread#7" [stack: 0x000000ebec700000,0x000000ebec800000] [id=30036]

Threads with active compile tasks:
C1 CompilerThread0    12726 1638       3       jdk.internal.org.objectweb.asm.MethodWriter::visitLabel (328 bytes)

VM state: not at safepoint (normal execution)

VM Mutex/Monitor currently owned by a thread:  ([mutex/lock_event])
[0x000002d687db0ca0] Metaspace_lock - owner thread: 0x000002d6a0f3a660
[0x000002d687db1b00] MethodData_lock - owner thread: 0x000002d6a0f3a660

Heap address: 0x00000000c0000000, size: 1024 MB, Compressed Oops mode: 32-bit

CDS archive(s) not mapped
Compressed class space mapped at: 0x0000000100000000-0x0000000140000000, reserved size: 1073741824
Narrow klass base: 0x0000000000000000, Narrow klass shift: 3, Narrow klass range: 0x140000000

GC Precious Log:
 CPUs: 8 total, 8 available
 Memory: 8037M
 Large Page Support: Disabled
 NUMA Support: Disabled
 Compressed Oops: Enabled (32-bit)
 Alignments: Space 512K, Generation 512K, Heap 2M
 Heap Min Capacity: 100M
 Heap Initial Capacity: 100M
 Heap Max Capacity: 1G
 Pre-touch: Disabled
 Parallel Workers: 8

Heap:
 PSYoungGen      total 29696K, used 5050K [0x00000000eab00000, 0x00000000ecc00000, 0x0000000100000000)
  eden space 25600K, 3% used [0x00000000eab00000,0x00000000eabf5b28,0x00000000ec400000)
  from space 4096K, 99% used [0x00000000ec800000,0x00000000ecbf8f28,0x00000000ecc00000)
  to   space 4096K, 0% used [0x00000000ec400000,0x00000000ec400000,0x00000000ec800000)
 ParOldGen       total 68608K, used 802K [0x00000000c0000000, 0x00000000c4300000, 0x00000000eab00000)
  object space 68608K, 1% used [0x00000000c0000000,0x00000000c00c8b60,0x00000000c4300000)
 Metaspace       used 14802K, committed 15040K, reserved 1114112K
  class space    used 1497K, committed 1664K, reserved 1048576K

Card table byte_map: [0x000002d687750000,0x000002d687960000] _byte_map_base: 0x000002d687150000

Marking Bits: (ParMarkBitMap*) 0x00007ffd987dd820
 Begin Bits: [0x000002d699a50000, 0x000002d69aa50000)
 End Bits:   [0x000002d69aa50000, 0x000002d69ba50000)

Polling page: 0x000002d685d50000

Metaspace:

Usage:
  Non-class:     12.99 MB used.
      Class:      1.46 MB used.
       Both:     14.46 MB used.

Virtual space:
  Non-class space:       64.00 MB reserved,      13.06 MB ( 20%) committed,  1 nodes.
      Class space:        1.00 GB reserved,       1.62 MB ( <1%) committed,  1 nodes.
             Both:        1.06 GB reserved,      14.69 MB (  1%) committed. 

Chunk freelists:
   Non-Class:  2.76 MB
       Class:  14.37 MB
        Both:  17.13 MB

MaxMetaspaceSize: unlimited
CompressedClassSpaceSize: 1.00 GB
Initial GC threshold: 21.00 MB
Current GC threshold: 21.00 MB
CDS: off
MetaspaceReclaimPolicy: balanced
 - commit_granule_bytes: 65536.
 - commit_granule_words: 8192.
 - virtual_space_node_default_size: 8388608.
 - enlarge_chunks_in_place: 1.
 - new_chunks_are_fully_committed: 0.
 - uncommit_free_chunks: 1.
 - use_allocation_guard: 0.
 - handle_deallocations: 1.


Internal statistics:

num_allocs_failed_limit: 0.
num_arena_births: 104.
num_arena_deaths: 0.
num_vsnodes_births: 2.
num_vsnodes_deaths: 0.
num_space_committed: 235.
num_space_uncommitted: 0.
num_chunks_returned_to_freelist: 0.
num_chunks_taken_from_freelist: 311.
num_chunk_merges: 0.
num_chunk_splits: 204.
num_chunks_enlarged: 156.
num_inconsistent_stats: 0.

CodeHeap 'non-profiled nmethods': size=120000Kb used=669Kb max_used=669Kb free=119330Kb
 bounds [0x000002d692520000, 0x000002d692790000, 0x000002d699a50000]
CodeHeap 'profiled nmethods': size=120000Kb used=3047Kb max_used=3047Kb free=116952Kb
 bounds [0x000002d68aa50000, 0x000002d68ad50000, 0x000002d691f80000]
CodeHeap 'non-nmethods': size=5760Kb used=1162Kb max_used=1195Kb free=4597Kb
 bounds [0x000002d691f80000, 0x000002d6921f0000, 0x000002d692520000]
 total_blobs=2087 nmethods=1634 adapters=367
 compilation: enabled
              stopped_count=0, restarted_count=0
 full_count=0

Compilation events (20 events):
Event: 12.526 Thread 0x000002d6a0f3a660 nmethod 1621 0x000002d68ad43790 code [0x000002d68ad439c0, 0x000002d68ad44178]
Event: 12.526 Thread 0x000002d6a0f3a660 1625       3       java.lang.invoke.MemberName::isMethod (7 bytes)
Event: 12.527 Thread 0x000002d6a0f3a660 nmethod 1625 0x000002d68ad44490 code [0x000002d68ad44640, 0x000002d68ad44878]
Event: 12.528 Thread 0x000002d6a0f3a660 1627       3       java.lang.invoke.MethodHandles$Lookup::checkSymbolicClass (25 bytes)
Event: 12.529 Thread 0x000002d6a0f3a660 nmethod 1627 0x000002d68ad44990 code [0x000002d68ad44b60, 0x000002d68ad44dc8]
Event: 12.530 Thread 0x000002d6a0f3a660 1628       3       java.lang.invoke.LambdaForm$Name::replaceNames (175 bytes)
Event: 12.532 Thread 0x000002d6a0f3a660 nmethod 1628 0x000002d68ad44f10 code [0x000002d68ad45140, 0x000002d68ad45cb8]
Event: 12.532 Thread 0x000002d6a0f3a660 1632       3       jdk.internal.org.objectweb.asm.Frame::setLocal (65 bytes)
Event: 12.533 Thread 0x000002d6a0f3a660 nmethod 1632 0x000002d68ad46010 code [0x000002d68ad461e0, 0x000002d68ad46688]
Event: 12.533 Thread 0x000002d6a0f3a660 1631       3       java.lang.invoke.InvokerBytecodeGenerator::getInternalName (100 bytes)
Event: 12.534 Thread 0x000002d6a0f3a660 nmethod 1631 0x000002d68ad46890 code [0x000002d68ad46aa0, 0x000002d68ad46f78]
Event: 12.534 Thread 0x000002d6a0f3a660 1629       3       java.lang.invoke.LambdaForm$Name::isParam (13 bytes)
Event: 12.534 Thread 0x000002d6a0f3a660 nmethod 1629 0x000002d68ad47090 code [0x000002d68ad47220, 0x000002d68ad47398]
Event: 12.536 Thread 0x000002d6a0f3a660 1635       3       java.lang.invoke.InvokerBytecodeGenerator::emitLoadInsn (21 bytes)
Event: 12.536 Thread 0x000002d6a0f3a660 nmethod 1635 0x000002d68ad47410 code [0x000002d68ad475c0, 0x000002d68ad47818]
Event: 12.536 Thread 0x000002d6a0f3a660 1636       3       java.lang.invoke.InvokerBytecodeGenerator::loadInsnOpcode (98 bytes)
Event: 12.538 Thread 0x000002d6a0f3a660 nmethod 1636 0x000002d68ad47990 code [0x000002d68ad47c00, 0x000002d68ad485d8]
Event: 12.538 Thread 0x000002d6a0f3a660 1637       3       java.lang.invoke.InvokerBytecodeGenerator::emitPushArgument (151 bytes)
Event: 12.540 Thread 0x000002d6a0f3a660 nmethod 1637 0x000002d68ad48910 code [0x000002d68ad48be0, 0x000002d68ad49a68]
Event: 12.540 Thread 0x000002d6a0f3a660 1638       3       jdk.internal.org.objectweb.asm.MethodWriter::visitLabel (328 bytes)

GC Heap History (4 events):
Event: 5.149 GC heap before
{Heap before GC invocations=1 (full 0):
 PSYoungGen      total 29696K, used 25600K [0x00000000eab00000, 0x00000000ecc00000, 0x0000000100000000)
  eden space 25600K, 100% used [0x00000000eab00000,0x00000000ec400000,0x00000000ec400000)
  from space 4096K, 0% used [0x00000000ec800000,0x00000000ec800000,0x00000000ecc00000)
  to   space 4096K, 0% used [0x00000000ec400000,0x00000000ec400000,0x00000000ec800000)
 ParOldGen       total 68608K, used 0K [0x00000000c0000000, 0x00000000c4300000, 0x00000000eab00000)
  object space 68608K, 0% used [0x00000000c0000000,0x00000000c0000000,0x00000000c4300000)
 Metaspace       used 10965K, committed 11200K, reserved 1114112K
  class space    used 1089K, committed 1216K, reserved 1048576K
}
Event: 5.240 GC heap after
{Heap after GC invocations=1 (full 0):
 PSYoungGen      total 29696K, used 3149K [0x00000000eab00000, 0x00000000ecc00000, 0x0000000100000000)
  eden space 25600K, 0% used [0x00000000eab00000,0x00000000eab00000,0x00000000ec400000)
  from space 4096K, 76% used [0x00000000ec400000,0x00000000ec7136f0,0x00000000ec800000)
  to   space 4096K, 0% used [0x00000000ec800000,0x00000000ec800000,0x00000000ecc00000)
 ParOldGen       total 68608K, used 16K [0x00000000c0000000, 0x00000000c4300000, 0x00000000eab00000)
  object space 68608K, 0% used [0x00000000c0000000,0x00000000c0004000,0x00000000c4300000)
 Metaspace       used 10965K, committed 11200K, reserved 1114112K
  class space    used 1089K, committed 1216K, reserved 1048576K
}
Event: 12.495 GC heap before
{Heap before GC invocations=2 (full 0):
 PSYoungGen      total 29696K, used 28749K [0x00000000eab00000, 0x00000000ecc00000, 0x0000000100000000)
  eden space 25600K, 100% used [0x00000000eab00000,0x00000000ec400000,0x00000000ec400000)
  from space 4096K, 76% used [0x00000000ec400000,0x00000000ec7136f0,0x00000000ec800000)
  to   space 4096K, 0% used [0x00000000ec800000,0x00000000ec800000,0x00000000ecc00000)
 ParOldGen       total 68608K, used 16K [0x00000000c0000000, 0x00000000c4300000, 0x00000000eab00000)
  object space 68608K, 0% used [0x00000000c0000000,0x00000000c0004000,0x00000000c4300000)
 Metaspace       used 14712K, committed 14976K, reserved 1114112K
  class space    used 1487K, committed 1600K, reserved 1048576K
}
Event: 12.509 GC heap after
{Heap after GC invocations=2 (full 0):
 PSYoungGen      total 29696K, used 4067K [0x00000000eab00000, 0x00000000ecc00000, 0x0000000100000000)
  eden space 25600K, 0% used [0x00000000eab00000,0x00000000eab00000,0x00000000ec400000)
  from space 4096K, 99% used [0x00000000ec800000,0x00000000ecbf8f28,0x00000000ecc00000)
  to   space 4096K, 0% used [0x00000000ec400000,0x00000000ec400000,0x00000000ec800000)
 ParOldGen       total 68608K, used 802K [0x00000000c0000000, 0x00000000c4300000, 0x00000000eab00000)
  object space 68608K, 1% used [0x00000000c0000000,0x00000000c00c8b60,0x00000000c4300000)
 Metaspace       used 14712K, committed 14976K, reserved 1114112K
  class space    used 1487K, committed 1600K, reserved 1048576K
}

Dll operation events (9 events):
Event: 0.177 Loaded shared library c:\Users\Dell\.vscode\extensions\redhat.java-1.32.0-win32-x64\jre\17.0.11-win32-x86_64\bin\java.dll
Event: 1.210 Loaded shared library c:\Users\Dell\.vscode\extensions\redhat.java-1.32.0-win32-x64\jre\17.0.11-win32-x86_64\bin\zip.dll
Event: 1.224 Loaded shared library C:\Users\Dell\.vscode\extensions\redhat.java-1.32.0-win32-x64\jre\17.0.11-win32-x86_64\bin\instrument.dll
Event: 1.344 Loaded shared library C:\Users\Dell\.vscode\extensions\redhat.java-1.32.0-win32-x64\jre\17.0.11-win32-x86_64\bin\net.dll
Event: 1.374 Loaded shared library C:\Users\Dell\.vscode\extensions\redhat.java-1.32.0-win32-x64\jre\17.0.11-win32-x86_64\bin\nio.dll
Event: 1.415 Loaded shared library C:\Users\Dell\.vscode\extensions\redhat.java-1.32.0-win32-x64\jre\17.0.11-win32-x86_64\bin\zip.dll
Event: 1.525 Loaded shared library C:\Users\Dell\.vscode\extensions\redhat.java-1.32.0-win32-x64\jre\17.0.11-win32-x86_64\bin\jimage.dll
Event: 1.823 Loaded shared library c:\Users\Dell\.vscode\extensions\redhat.java-1.32.0-win32-x64\jre\17.0.11-win32-x86_64\bin\verify.dll
Event: 12.267 Loaded shared library C:\Users\Dell\AppData\Roaming\Code\User\globalStorage\redhat.java\1.32.0\config_ss_win\org.eclipse.equinox.launcher\org.eclipse.equinox.launcher.win32.win32.x86_64_1.2.1100.v20240613-2013\eclipse_11903.dll

Deoptimization events (20 events):
Event: 5.822 Thread 0x000002d687db7260 DEOPT PACKING pc=0x000002d69254eee0 sp=0x000000ebeaef8120
Event: 5.822 Thread 0x000002d687db7260 DEOPT UNPACKING pc=0x000002d691fd66a3 sp=0x000000ebeaef80d0 mode 2
Event: 6.292 Thread 0x000002d687db7260 Uncommon trap: trap_request=0xffffffde fr.pc=0x000002d6925864a0 relative=0x0000000000000960
Event: 6.292 Thread 0x000002d687db7260 Uncommon trap: reason=class_check action=maybe_recompile pc=0x000002d6925864a0 method=java.util.HashMap.putVal(ILjava/lang/Object;Ljava/lang/Object;ZZ)Ljava/lang/Object; @ 253 c2
Event: 6.292 Thread 0x000002d687db7260 DEOPT PACKING pc=0x000002d6925864a0 sp=0x000000ebeaefdef0
Event: 6.292 Thread 0x000002d687db7260 DEOPT UNPACKING pc=0x000002d691fd66a3 sp=0x000000ebeaefde70 mode 2
Event: 6.299 Thread 0x000002d687db7260 Uncommon trap: trap_request=0xffffffde fr.pc=0x000002d6925864a0 relative=0x0000000000000960
Event: 6.299 Thread 0x000002d687db7260 Uncommon trap: reason=class_check action=maybe_recompile pc=0x000002d6925864a0 method=java.util.HashMap.putVal(ILjava/lang/Object;Ljava/lang/Object;ZZ)Ljava/lang/Object; @ 253 c2
Event: 6.299 Thread 0x000002d687db7260 DEOPT PACKING pc=0x000002d6925864a0 sp=0x000000ebeaefdef0
Event: 6.299 Thread 0x000002d687db7260 DEOPT UNPACKING pc=0x000002d691fd66a3 sp=0x000000ebeaefde70 mode 2
Event: 6.428 Thread 0x000002d687db7260 DEOPT PACKING pc=0x000002d68ab71761 sp=0x000000ebeaefc970
Event: 6.428 Thread 0x000002d687db7260 DEOPT UNPACKING pc=0x000002d691fd6e43 sp=0x000000ebeaefbdf8 mode 0
Event: 6.430 Thread 0x000002d687db7260 Uncommon trap: trap_request=0xffffff45 fr.pc=0x000002d69255603c relative=0x000000000000011c
Event: 6.430 Thread 0x000002d687db7260 Uncommon trap: reason=unstable_if action=reinterpret pc=0x000002d69255603c method=java.math.BigInteger.addOne([IIII)I @ 55 c2
Event: 6.430 Thread 0x000002d687db7260 DEOPT PACKING pc=0x000002d69255603c sp=0x000000ebeaefc7c0
Event: 6.430 Thread 0x000002d687db7260 DEOPT UNPACKING pc=0x000002d691fd66a3 sp=0x000000ebeaefc740 mode 2
Event: 12.261 Thread 0x000002d6a2048600 Uncommon trap: trap_request=0xffffff6e fr.pc=0x000002d692580a04 relative=0x0000000000000364
Event: 12.261 Thread 0x000002d6a2048600 Uncommon trap: reason=loop_limit_check action=maybe_recompile pc=0x000002d692580a04 method=java.lang.StringLatin1.indexOf([BI[BII)I @ 37 c2
Event: 12.261 Thread 0x000002d6a2048600 DEOPT PACKING pc=0x000002d692580a04 sp=0x000000ebec5f8910
Event: 12.261 Thread 0x000002d6a2048600 DEOPT UNPACKING pc=0x000002d691fd66a3 sp=0x000000ebec5f8870 mode 2

Classes unloaded (0 events):
No events

Classes redefined (0 events):
No events

Internal exceptions (20 events):
Event: 4.643 Thread 0x000002d687db7260 Exception <a 'java/lang/ClassNotFoundException'{0x00000000ec0ef7d0}: sun/net/www/protocol/c/Handler> (0x00000000ec0ef7d0) 
thrown [s\src\hotspot\share\classfile\systemDictionary.cpp, line 256]
Event: 4.644 Thread 0x000002d687db7260 Exception <a 'java/lang/ClassNotFoundException'{0x00000000ec0f0b18}: sun/net/www/protocol/c/Handler> (0x00000000ec0f0b18) 
thrown [s\src\hotspot\share\classfile\systemDictionary.cpp, line 256]
Event: 4.644 Thread 0x000002d687db7260 Exception <a 'java/lang/ClassNotFoundException'{0x00000000ec0f1c90}: sun/net/www/protocol/c/Handler> (0x00000000ec0f1c90) 
thrown [s\src\hotspot\share\classfile\systemDictionary.cpp, line 256]
Event: 4.692 Thread 0x000002d687db7260 Exception <a 'java/io/FileNotFoundException'{0x00000000ec1156f0}> (0x00000000ec1156f0) 
thrown [s\src\hotspot\share\prims\jni.cpp, line 516]
Event: 4.897 Thread 0x000002d687db7260 Implicit null exception at 0x000002d692578300 to 0x000002d692578cfc
Event: 4.898 Thread 0x000002d687db7260 Implicit null exception at 0x000002d69256d6ec to 0x000002d69256d8d8
Event: 4.898 Thread 0x000002d687db7260 Implicit null exception at 0x000002d69256cd6c to 0x000002d69256cf54
Event: 4.898 Thread 0x000002d687db7260 Implicit null exception at 0x000002d69256428f to 0x000002d692564309
Event: 5.135 Thread 0x000002d687db7260 Exception <a 'java/lang/NoSuchMethodError'{0x00000000ec3ee230}: 'int java.lang.invoke.DirectMethodHandle$Holder.invokeStaticInit(java.lang.Object, java.lang.Object, java.lang.Object, java.lang.Object)'> (0x00000000ec3ee230) 
thrown [s\src\hotspot\share\interpreter\linkResolver.cpp, line 759]
Event: 5.142 Thread 0x000002d687db7260 Exception <a 'java/lang/NoSuchMethodError'{0x00000000ec3f88a0}: 'java.lang.Object java.lang.invoke.DirectMethodHandle$Holder.invokeInterface(java.lang.Object, java.lang.Object)'> (0x00000000ec3f88a0) 
thrown [s\src\hotspot\share\interpreter\linkResolver.cpp, line 759]
Event: 5.143 Thread 0x000002d687db7260 Exception <a 'java/lang/IncompatibleClassChangeError'{0x00000000ec3fc098}: Found class java.lang.Object, but interface was expected> (0x00000000ec3fc098) 
thrown [s\src\hotspot\share\interpreter\linkResolver.cpp, line 826]
Event: 5.243 Thread 0x000002d687db7260 Exception <a 'java/lang/NoSuchMethodError'{0x00000000eab007f0}: 'void java.lang.invoke.DirectMethodHandle$Holder.invokeStatic(java.lang.Object, java.lang.Object)'> (0x00000000eab007f0) 
thrown [s\src\hotspot\share\interpreter\linkResolver.cpp, line 759]
Event: 5.247 Thread 0x000002d687db7260 Exception <a 'java/lang/NoSuchMethodError'{0x00000000eab03ff0}: 'void java.lang.invoke.DirectMethodHandle$Holder.invokeStaticInit(java.lang.Object, java.lang.Object)'> (0x00000000eab03ff0) 
thrown [s\src\hotspot\share\interpreter\linkResolver.cpp, line 759]
Event: 5.259 Thread 0x000002d687db7260 Exception <a 'java/lang/NoSuchMethodError'{0x00000000eab0b4e0}: 'int java.lang.invoke.DirectMethodHandle$Holder.invokeStaticInit(java.lang.Object, java.lang.Object)'> (0x00000000eab0b4e0) 
thrown [s\src\hotspot\share\interpreter\linkResolver.cpp, line 759]
Event: 5.460 Thread 0x000002d687db7260 Exception <a 'java/lang/NoSuchMethodError'{0x00000000eac34b20}: 'void java.lang.invoke.DirectMethodHandle$Holder.invokeSpecial(java.lang.Object, java.lang.Object, java.lang.Object)'> (0x00000000eac34b20) 
thrown [s\src\hotspot\share\interpreter\linkResolver.cpp, line 759]
Event: 6.241 Thread 0x000002d687db7260 Exception <a 'java/lang/NoSuchMethodError'{0x00000000eb9761b0}: 'java.lang.Object java.lang.invoke.DirectMethodHandle$Holder.newInvokeSpecial(java.lang.Object, int, java.lang.Object)'> (0x00000000eb9761b0) 
thrown [s\src\hotspot\share\interpreter\linkResolver.cpp, line 759]
Event: 12.209 Thread 0x000002d687db7260 Exception <a 'java/lang/UnsatisfiedLinkError'{0x00000000ebf15f38}: 'void org.eclipse.equinox.launcher.JNIBridge._update_splash()'> (0x00000000ebf15f38) 
thrown [s\src\hotspot\share\prims\nativeLookup.cpp, line 543]
Event: 12.354 Thread 0x000002d6a2048600 Exception <a 'java/lang/NoSuchMethodError'{0x00000000ec1e4158}: 'java.lang.Object java.lang.invoke.DirectMethodHandle$Holder.invokeStaticInit(java.lang.Object)'> (0x00000000ec1e4158) 
thrown [s\src\hotspot\share\interpreter\linkResolver.cpp, line 759]
Event: 12.451 Thread 0x000002d6a2048600 Exception <a 'java/lang/NullPointerException'{0x00000000ec328520}> (0x00000000ec328520) 
thrown [s\src\hotspot\share\interpreter\linkResolver.cpp, line 1350]
Event: 12.451 Thread 0x000002d6a2048600 Exception <a 'java/lang/NullPointerException'{0x00000000ec3287f8}> (0x00000000ec3287f8) 
thrown [s\src\hotspot\share\interpreter\linkResolver.cpp, line 1350]

VM Operations (20 events):
Event: 4.353 Executing VM operation: Cleanup
Event: 4.357 Executing VM operation: Cleanup done
Event: 5.148 Executing VM operation: ParallelGCFailedAllocation
Event: 5.240 Executing VM operation: ParallelGCFailedAllocation done
Event: 6.148 Executing VM operation: HandshakeAllThreads
Event: 6.148 Executing VM operation: HandshakeAllThreads done
Event: 6.149 Executing VM operation: HandshakeAllThreads
Event: 6.149 Executing VM operation: HandshakeAllThreads done
Event: 6.165 Executing VM operation: HandshakeAllThreads
Event: 6.165 Executing VM operation: HandshakeAllThreads done
Event: 6.208 Executing VM operation: HandshakeAllThreads
Event: 6.208 Executing VM operation: HandshakeAllThreads done
Event: 7.215 Executing VM operation: Cleanup
Event: 7.216 Executing VM operation: Cleanup done
Event: 12.248 Executing VM operation: Cleanup
Event: 12.249 Executing VM operation: Cleanup done
Event: 12.443 Executing VM operation: HandshakeAllThreads
Event: 12.443 Executing VM operation: HandshakeAllThreads done
Event: 12.495 Executing VM operation: ParallelGCFailedAllocation
Event: 12.509 Executing VM operation: ParallelGCFailedAllocation done

Events (20 events):
Event: 12.485 loading class java/util/stream/AbstractSpinedBuffer done
Event: 12.485 loading class java/util/stream/SpinedBuffer done
Event: 12.487 loading class java/util/stream/StreamSpliterators
Event: 12.487 loading class java/util/stream/StreamSpliterators done
Event: 12.487 loading class java/util/function/BooleanSupplier
Event: 12.488 loading class java/util/function/BooleanSupplier done
Event: 12.493 loading class org/xml/sax/SAXException
Event: 12.493 loading class org/xml/sax/SAXException done
Event: 12.493 loading class javax/xml/parsers/SAXParserFactory
Event: 12.494 loading class javax/xml/parsers/SAXParserFactory done
Event: 12.494 loading class javax/xml/parsers/FactoryFinder
Event: 12.509 loading class javax/xml/parsers/FactoryFinder done
Event: 12.510 loading class jdk/xml/internal/SecuritySupport
Event: 12.511 loading class jdk/xml/internal/SecuritySupport done
Event: 12.527 loading class java/lang/invoke/BoundMethodHandle$Species_LLLLLLLL
Event: 12.528 loading class java/lang/invoke/BoundMethodHandle$Species_LLLLLLLL done
Event: 12.532 loading class java/lang/invoke/BoundMethodHandle$Species_LLLLLLLLL
Event: 12.533 loading class java/lang/invoke/BoundMethodHandle$Species_LLLLLLLLL done
Event: 12.539 loading class javax/xml/parsers/FactoryFinder$1
Event: 12.539 loading class javax/xml/parsers/FactoryFinder$1 done


Dynamic libraries:
0x00007ff759820000 - 0x00007ff75982e000 	c:\Users\Dell\.vscode\extensions\redhat.java-1.32.0-win32-x64\jre\17.0.11-win32-x86_64\bin\java.exe
0x00007ffe63f30000 - 0x00007ffe64128000 	C:\Windows\SYSTEM32\ntdll.dll
0x00007ffe63690000 - 0x00007ffe63751000 	C:\Windows\System32\KERNEL32.DLL
0x00007ffe61670000 - 0x00007ffe61966000 	C:\Windows\System32\KERNELBASE.dll
0x00007ffe61970000 - 0x00007ffe61a70000 	C:\Windows\System32\ucrtbase.dll
0x00007ffe5d120000 - 0x00007ffe5d137000 	c:\Users\Dell\.vscode\extensions\redhat.java-1.32.0-win32-x64\jre\17.0.11-win32-x86_64\bin\jli.dll
0x00007ffe621f0000 - 0x00007ffe6238f000 	C:\Windows\System32\USER32.dll
0x00007ffe61b90000 - 0x00007ffe61bb2000 	C:\Windows\System32\win32u.dll
0x00007ffe621c0000 - 0x00007ffe621eb000 	C:\Windows\System32\GDI32.dll
0x00007ffe61a70000 - 0x00007ffe61b87000 	C:\Windows\System32\gdi32full.dll
0x00007ffe61ca0000 - 0x00007ffe61d3d000 	C:\Windows\System32\msvcp_win.dll
0x00007ffe5d100000 - 0x00007ffe5d11b000 	c:\Users\Dell\.vscode\extensions\redhat.java-1.32.0-win32-x64\jre\17.0.11-win32-x86_64\bin\VCRUNTIME140.dll
0x00007ffe4b1e0000 - 0x00007ffe4b47a000 	C:\Windows\WinSxS\amd64_microsoft.windows.common-controls_6595b64144ccf1df_6.0.19041.4355_none_60b8b9eb71f62e16\COMCTL32.dll
0x00007ffe63330000 - 0x00007ffe633ce000 	C:\Windows\System32\msvcrt.dll
0x00007ffe63760000 - 0x00007ffe6378f000 	C:\Windows\System32\IMM32.DLL
0x00007ffe5d790000 - 0x00007ffe5d79c000 	c:\Users\Dell\.vscode\extensions\redhat.java-1.32.0-win32-x64\jre\17.0.11-win32-x86_64\bin\vcruntime140_1.dll
0x00007ffe1bf50000 - 0x00007ffe1bfdd000 	c:\Users\Dell\.vscode\extensions\redhat.java-1.32.0-win32-x64\jre\17.0.11-win32-x86_64\bin\msvcp140.dll
0x00007ffd97c40000 - 0x00007ffd988a2000 	c:\Users\Dell\.vscode\extensions\redhat.java-1.32.0-win32-x64\jre\17.0.11-win32-x86_64\bin\server\jvm.dll
0x00007ffe638f0000 - 0x00007ffe639a0000 	C:\Windows\System32\ADVAPI32.dll
0x00007ffe634a0000 - 0x00007ffe63540000 	C:\Windows\System32\sechost.dll
0x00007ffe63060000 - 0x00007ffe63183000 	C:\Windows\System32\RPCRT4.dll
0x00007ffe61bc0000 - 0x00007ffe61be7000 	C:\Windows\System32\bcrypt.dll
0x00007ffe60b60000 - 0x00007ffe60bab000 	C:\Windows\SYSTEM32\POWRPROF.dll
0x00007ffe5d0f0000 - 0x00007ffe5d0f9000 	C:\Windows\SYSTEM32\WSOCK32.dll
0x00007ffe63e80000 - 0x00007ffe63eeb000 	C:\Windows\System32\WS2_32.dll
0x00007ffe56b10000 - 0x00007ffe56b37000 	C:\Windows\SYSTEM32\WINMM.dll
0x00007ffe5ccf0000 - 0x00007ffe5ccfa000 	C:\Windows\SYSTEM32\VERSION.dll
0x00007ffe609d0000 - 0x00007ffe609e2000 	C:\Windows\SYSTEM32\UMPDC.dll
0x00007ffe5fdb0000 - 0x00007ffe5fdc2000 	C:\Windows\SYSTEM32\kernel.appcore.dll
0x00007ffe5d0e0000 - 0x00007ffe5d0ea000 	c:\Users\Dell\.vscode\extensions\redhat.java-1.32.0-win32-x64\jre\17.0.11-win32-x86_64\bin\jimage.dll
0x00007ffe5fad0000 - 0x00007ffe5fcb4000 	C:\Windows\SYSTEM32\DBGHELP.DLL
0x00007ffe448e0000 - 0x00007ffe44914000 	C:\Windows\SYSTEM32\dbgcore.DLL
0x00007ffe615e0000 - 0x00007ffe61662000 	C:\Windows\System32\bcryptPrimitives.dll
0x00007ffe5d0d0000 - 0x00007ffe5d0de000 	c:\Users\Dell\.vscode\extensions\redhat.java-1.32.0-win32-x64\jre\17.0.11-win32-x86_64\bin\instrument.dll
0x00007ffe5d090000 - 0x00007ffe5d0b5000 	c:\Users\Dell\.vscode\extensions\redhat.java-1.32.0-win32-x64\jre\17.0.11-win32-x86_64\bin\java.dll
0x00007ffe5d000000 - 0x00007ffe5d018000 	c:\Users\Dell\.vscode\extensions\redhat.java-1.32.0-win32-x64\jre\17.0.11-win32-x86_64\bin\zip.dll
0x00007ffe628f0000 - 0x00007ffe6305c000 	C:\Windows\System32\SHELL32.dll
0x00007ffe5f270000 - 0x00007ffe5fa0e000 	C:\Windows\SYSTEM32\windows.storage.dll
0x00007ffe63b20000 - 0x00007ffe63e73000 	C:\Windows\System32\combase.dll
0x00007ffe61000000 - 0x00007ffe6102e000 	C:\Windows\SYSTEM32\Wldp.dll
0x00007ffe633d0000 - 0x00007ffe6349d000 	C:\Windows\System32\OLEAUT32.dll
0x00007ffe63280000 - 0x00007ffe6332d000 	C:\Windows\System32\SHCORE.dll
0x00007ffe63ac0000 - 0x00007ffe63b15000 	C:\Windows\System32\shlwapi.dll
0x00007ffe61510000 - 0x00007ffe61534000 	C:\Windows\SYSTEM32\profapi.dll
0x00007ffe5cfd0000 - 0x00007ffe5cfe9000 	C:\Users\Dell\.vscode\extensions\redhat.java-1.32.0-win32-x64\jre\17.0.11-win32-x86_64\bin\net.dll
0x00007ffe57fc0000 - 0x00007ffe580ca000 	C:\Windows\SYSTEM32\WINHTTP.dll
0x00007ffe60d60000 - 0x00007ffe60dca000 	C:\Windows\system32\mswsock.dll
0x00007ffe59630000 - 0x00007ffe59646000 	C:\Users\Dell\.vscode\extensions\redhat.java-1.32.0-win32-x64\jre\17.0.11-win32-x86_64\bin\nio.dll
0x00007ffe59880000 - 0x00007ffe59890000 	c:\Users\Dell\.vscode\extensions\redhat.java-1.32.0-win32-x64\jre\17.0.11-win32-x86_64\bin\verify.dll
0x00007ffe1d820000 - 0x00007ffe1d864000 	C:\Users\Dell\AppData\Roaming\Code\User\globalStorage\redhat.java\1.32.0\config_ss_win\org.eclipse.equinox.launcher\org.eclipse.equinox.launcher.win32.win32.x86_64_1.2.1100.v20240613-2013\eclipse_11903.dll
0x00007ffe637c0000 - 0x00007ffe638eb000 	C:\Windows\System32\ole32.dll

dbghelp: loaded successfully - version: 4.0.5 - missing functions: none
symbol engine: initialized successfully - sym options: 0x614 - pdb path: .;c:\Users\Dell\.vscode\extensions\redhat.java-1.32.0-win32-x64\jre\17.0.11-win32-x86_64\bin;C:\Windows\SYSTEM32;C:\Windows\WinSxS\amd64_microsoft.windows.common-controls_6595b64144ccf1df_6.0.19041.4355_none_60b8b9eb71f62e16;c:\Users\Dell\.vscode\extensions\redhat.java-1.32.0-win32-x64\jre\17.0.11-win32-x86_64\bin\server;C:\Users\Dell\AppData\Roaming\Code\User\globalStorage\redhat.java\1.32.0\config_ss_win\org.eclipse.equinox.launcher\org.eclipse.equinox.launcher.win32.win32.x86_64_1.2.1100.v20240613-2013

VM Arguments:
jvm_args: --add-modules=ALL-SYSTEM --add-opens=java.base/java.util=ALL-UNNAMED --add-opens=java.base/java.lang=ALL-UNNAMED --add-opens=java.base/sun.nio.fs=ALL-UNNAMED -Declipse.application=org.eclipse.jdt.ls.core.id1 -Dosgi.bundles.defaultStartLevel=4 -Declipse.product=org.eclipse.jdt.ls.core.product -Djava.import.generatesMetadataFilesAtProjectRoot=false -DDetectVMInstallationsJob.disabled=true -Dfile.encoding=utf8 -XX:+UseParallelGC -XX:GCTimeRatio=4 -XX:AdaptiveSizePolicyWeight=90 -Dsun.zip.disableMemoryMapping=true -Xmx1G -Xms100m -Xlog:disable -javaagent:c:\Users\Dell\.vscode\extensions\redhat.java-1.32.0-win32-x64\lombok\lombok-1.18.33.jar 
java_command: c:\Users\Dell\.vscode\extensions\redhat.java-1.32.0-win32-x64\server\plugins\org.eclipse.equinox.launcher_1.6.900.v20240613-2009.jar -configuration c:\Users\Dell\AppData\Roaming\Code\User\globalStorage\redhat.java\1.32.0\config_ss_win -data c:\Users\Dell\AppData\Roaming\Code\User\workspaceStorage\8343ffd222c73d0e249f34f8df6dd885\redhat.java\ss_ws --pipe=\\.\pipe\lsp-00d2163c37a63aa94df39c447950eee3-sock
java_class_path (initial): c:\Users\Dell\.vscode\extensions\redhat.java-1.32.0-win32-x64\server\plugins\org.eclipse.equinox.launcher_1.6.900.v20240613-2009.jar
Launcher Type: SUN_STANDARD

[Global flags]
    uintx AdaptiveSizePolicyWeight                 = 90                                        {product} {command line}
     intx CICompilerCount                          = 4                                         {product} {ergonomic}
    uintx GCTimeRatio                              = 4                                         {product} {command line}
   size_t InitialHeapSize                          = 104857600                                 {product} {command line}
   size_t MaxHeapSize                              = 1073741824                                {product} {command line}
   size_t MaxNewSize                               = 357564416                                 {product} {ergonomic}
   size_t MinHeapDeltaBytes                        = 524288                                    {product} {ergonomic}
   size_t MinHeapSize                              = 104857600                                 {product} {command line}
   size_t NewSize                                  = 34603008                                  {product} {ergonomic}
    uintx NonNMethodCodeHeapSize                   = 5839372                                {pd product} {ergonomic}
    uintx NonProfiledCodeHeapSize                  = 122909434                              {pd product} {ergonomic}
   size_t OldSize                                  = 70254592                                  {product} {ergonomic}
    uintx ProfiledCodeHeapSize                     = 122909434                              {pd product} {ergonomic}
    uintx ReservedCodeCacheSize                    = 251658240                              {pd product} {ergonomic}
     bool SegmentedCodeCache                       = true                                      {product} {ergonomic}
   size_t SoftMaxHeapSize                          = 1073741824                             {manageable} {ergonomic}
     bool UseCompressedClassPointers               = true                           {product lp64_product} {ergonomic}
     bool UseCompressedOops                        = true                           {product lp64_product} {ergonomic}
     bool UseLargePagesIndividualAllocation        = false                                  {pd product} {ergonomic}
     bool UseParallelGC                            = true                                      {product} {command line}

Logging:
Log output configuration:
 #0: stdout all=off uptime,level,tags
 #1: stderr all=off uptime,level,tags

Environment Variables:
JAVA_HOME=C:\Program Files\Java\jdk-19
PATH=C:\Program Files\Python311\Scripts\;C:\Program Files\Python311\;C:\Program Files\Common Files\Oracle\Java\javapath;C:\Windows\system32;C:\Windows;C:\Windows\System32\Wbem;C:\Windows\System32\WindowsPowerShell\v1.0\;C:\Windows\System32\OpenSSH\;C:\Program Files\dotnet\;C:\Program Files\Java\jdk-19\bin;C:\Users\Dell\eclipse-workspace\JavaApplication\bin;C:\Program Files\MySQL\MySQL Server 8.0\bin;C:\Program Files\Git\cmd;C:\mingw64\bin;C:\Program Files\Microsoft SQL Server\150\Tools\Binn\;C:\Program Files\Microsoft SQL Server\Client SDK\ODBC\170\Tools\Binn\;C:\ProgramData\chocolatey\bin;C:\Users\Dell\AppData\Roaming\nvm;C:\Program Files\nodejs;C:\Program Files (x86)\NVIDIA Corporation\PhysX\Common;C:\Program Files\NVIDIA Corporation\NVIDIA NvDLISR;C:\Program Files\MySQL\MySQL Shell 8.0\bin\;C:\Users\Dell\AppData\Local\Microsoft\WindowsApps;C:\Program Files\JetBrains\IntelliJ IDEA Community Edition 2022.2.3\bin;C:\Users\Dell\AppData\Local\GitHubDesktop\bin;C:\Users\Dell\.dotnet\tools;C:\Users\Dell\AppData\Local\Programs\Microsoft VS Code\bin;C:\Users\Dell\AppData\Local\gitkraken\bin;C:\Users\Dell\AppData\Roaming\npm;C:\Users\Dell\AppData\Roaming\nvm;C:\Program Files\nodejs;C:\Program Files\MongoDB\Server\7.0\bin;C:\Program Files\MongoDB\mongosh-2.1.5-win32-x64\bin;C:\Users\Dell\.dotnet\tools
USERNAME=Dell
OS=Windows_NT
PROCESSOR_IDENTIFIER=Intel64 Family 6 Model 158 Stepping 10, GenuineIntel
TMP=C:\Users\Dell\AppData\Local\Temp
TEMP=C:\Users\Dell\AppData\Local\Temp



Periodic native trim disabled


---------------  S Y S T E M  ---------------

OS:
 Windows 10 , 64 bit Build 19041 (10.0.19041.4597)
OS uptime: 2 days 3:56 hours

CPU: total 8 (initial active 8) (4 cores per cpu, 2 threads per core) family 6 model 158 stepping 10 microcode 0xf0, cx8, cmov, fxsr, ht, mmx, 3dnowpref, sse, sse2, sse3, ssse3, sse4.1, sse4.2, popcnt, lzcnt, tsc, tscinvbit, avx, avx2, aes, erms, clmul, bmi1, bmi2, adx, fma, vzeroupper, clflush, clflushopt
Processor Information for processor 0
  Max Mhz: 2304, Current Mhz: 2304, Mhz Limit: 2304
Processor Information for processor 1
  Max Mhz: 2304, Current Mhz: 1402, Mhz Limit: 2304
Processor Information for processor 2
  Max Mhz: 2304, Current Mhz: 1402, Mhz Limit: 2304
Processor Information for processor 3
  Max Mhz: 2304, Current Mhz: 2304, Mhz Limit: 2304
Processor Information for processor 4
  Max Mhz: 2304, Current Mhz: 2304, Mhz Limit: 2304
Processor Information for processor 5
  Max Mhz: 2304, Current Mhz: 1402, Mhz Limit: 2304
Processor Information for processor 6
  Max Mhz: 2304, Current Mhz: 1402, Mhz Limit: 2304
Processor Information for processor 7
  Max Mhz: 2304, Current Mhz: 1402, Mhz Limit: 2304

Memory: 4k page, system-wide physical 8037M (224M free)
TotalPageFile size 32613M (AvailPageFile size 0M)
current process WorkingSet (physical memory assigned to process): 88M, peak: 88M
current process commit charge ("private bytes"): 204M, peak: 204M

vm_info: OpenJDK 64-Bit Server VM (17.0.11+9) for windows-amd64 JRE (17.0.11+9), built on Apr 17 2024 06:07:48 by "admin" with MS VC++ 16.10 / 16.11 (VS2019)

END.
